  High Score con Nana.cpp
HSSHighscore.lib(HSSHighscore.obj) : error LNK2038: se detectaron diferencias para '_ITERATOR_DEBUG_LEVEL': el valor '2' no coincide con el valor '0' en High Score con Nana.obj
HSSHighscore.lib(HSSHighscore.obj) : error LNK2038: se detectaron diferencias para 'RuntimeLibrary': el valor 'MDd_DynamicDebug' no coincide con el valor 'MD_DynamicRelease' en High Score con Nana.obj
HSSHighscore.lib(HSSHighscore.obj) : warning LNK4075: se omite '/EDITANDCONTINUE' debido a la especificación '/OPT:ICF'
nana_v140_Debug_x86.lib(basis.obj) : error LNK2038: se detectaron diferencias para '_ITERATOR_DEBUG_LEVEL': el valor '2' no coincide con el valor '0' en High Score con Nana.obj
nana_v140_Debug_x86.lib(basis.obj) : error LNK2038: se detectaron diferencias para 'RuntimeLibrary': el valor 'MDd_DynamicDebug' no coincide con el valor 'MD_DynamicRelease' en High Score con Nana.obj
nana_v140_Debug_x86.lib(button.obj) : error LNK2038: se detectaron diferencias para '_ITERATOR_DEBUG_LEVEL': el valor '2' no coincide con el valor '0' en High Score con Nana.obj
nana_v140_Debug_x86.lib(button.obj) : error LNK2038: se detectaron diferencias para 'RuntimeLibrary': el valor 'MDd_DynamicDebug' no coincide con el valor 'MD_DynamicRelease' en High Score con Nana.obj
nana_v140_Debug_x86.lib(programming_interface.obj) : error LNK2038: se detectaron diferencias para '_ITERATOR_DEBUG_LEVEL': el valor '2' no coincide con el valor '0' en High Score con Nana.obj
nana_v140_Debug_x86.lib(programming_interface.obj) : error LNK2038: se detectaron diferencias para 'RuntimeLibrary': el valor 'MDd_DynamicDebug' no coincide con el valor 'MD_DynamicRelease' en High Score con Nana.obj
nana_v140_Debug_x86.lib(widget.obj) : error LNK2038: se detectaron diferencias para '_ITERATOR_DEBUG_LEVEL': el valor '2' no coincide con el valor '0' en High Score con Nana.obj
nana_v140_Debug_x86.lib(widget.obj) : error LNK2038: se detectaron diferencias para 'RuntimeLibrary': el valor 'MDd_DynamicDebug' no coincide con el valor 'MD_DynamicRelease' en High Score con Nana.obj
nana_v140_Debug_x86.lib(label.obj) : error LNK2038: se detectaron diferencias para '_ITERATOR_DEBUG_LEVEL': el valor '2' no coincide con el valor '0' en High Score con Nana.obj
nana_v140_Debug_x86.lib(label.obj) : error LNK2038: se detectaron diferencias para 'RuntimeLibrary': el valor 'MDd_DynamicDebug' no coincide con el valor 'MD_DynamicRelease' en High Score con Nana.obj
nana_v140_Debug_x86.lib(wvl.obj) : error LNK2038: se detectaron diferencias para '_ITERATOR_DEBUG_LEVEL': el valor '2' no coincide con el valor '0' en High Score con Nana.obj
nana_v140_Debug_x86.lib(wvl.obj) : error LNK2038: se detectaron diferencias para 'RuntimeLibrary': el valor 'MDd_DynamicDebug' no coincide con el valor 'MD_DynamicRelease' en High Score con Nana.obj
nana_v140_Debug_x86.lib(place.obj) : error LNK2038: se detectaron diferencias para '_ITERATOR_DEBUG_LEVEL': el valor '2' no coincide con el valor '0' en High Score con Nana.obj
nana_v140_Debug_x86.lib(place.obj) : error LNK2038: se detectaron diferencias para 'RuntimeLibrary': el valor 'MDd_DynamicDebug' no coincide con el valor 'MD_DynamicRelease' en High Score con Nana.obj
nana_v140_Debug_x86.lib(form.obj) : error LNK2038: se detectaron diferencias para '_ITERATOR_DEBUG_LEVEL': el valor '2' no coincide con el valor '0' en High Score con Nana.obj
nana_v140_Debug_x86.lib(form.obj) : error LNK2038: se detectaron diferencias para 'RuntimeLibrary': el valor 'MDd_DynamicDebug' no coincide con el valor 'MD_DynamicRelease' en High Score con Nana.obj
nana_v140_Debug_x86.lib(events_operation.obj) : error LNK2038: se detectaron diferencias para '_ITERATOR_DEBUG_LEVEL': el valor '2' no coincide con el valor '0' en High Score con Nana.obj
nana_v140_Debug_x86.lib(events_operation.obj) : error LNK2038: se detectaron diferencias para 'RuntimeLibrary': el valor 'MDd_DynamicDebug' no coincide con el valor 'MD_DynamicRelease' en High Score con Nana.obj
nana_v140_Debug_x86.lib(deploy.obj) : error LNK2038: se detectaron diferencias para '_ITERATOR_DEBUG_LEVEL': el valor '2' no coincide con el valor '0' en High Score con Nana.obj
nana_v140_Debug_x86.lib(deploy.obj) : error LNK2038: se detectaron diferencias para 'RuntimeLibrary': el valor 'MDd_DynamicDebug' no coincide con el valor 'MD_DynamicRelease' en High Score con Nana.obj
nana_v140_Debug_x86.lib(basic_types.obj) : error LNK2038: se detectaron diferencias para '_ITERATOR_DEBUG_LEVEL': el valor '2' no coincide con el valor '0' en High Score con Nana.obj
nana_v140_Debug_x86.lib(basic_types.obj) : error LNK2038: se detectaron diferencias para 'RuntimeLibrary': el valor 'MDd_DynamicDebug' no coincide con el valor 'MD_DynamicRelease' en High Score con Nana.obj
nana_v140_Debug_x86.lib(graphics.obj) : error LNK2038: se detectaron diferencias para '_ITERATOR_DEBUG_LEVEL': el valor '2' no coincide con el valor '0' en High Score con Nana.obj
nana_v140_Debug_x86.lib(graphics.obj) : error LNK2038: se detectaron diferencias para 'RuntimeLibrary': el valor 'MDd_DynamicDebug' no coincide con el valor 'MD_DynamicRelease' en High Score con Nana.obj
nana_v140_Debug_x86.lib(effects.obj) : error LNK2038: se detectaron diferencias para '_ITERATOR_DEBUG_LEVEL': el valor '2' no coincide con el valor '0' en High Score con Nana.obj
nana_v140_Debug_x86.lib(effects.obj) : error LNK2038: se detectaron diferencias para 'RuntimeLibrary': el valor 'MDd_DynamicDebug' no coincide con el valor 'MD_DynamicRelease' en High Score con Nana.obj
nana_v140_Debug_x86.lib(bedrock_pi.obj) : error LNK2038: se detectaron diferencias para '_ITERATOR_DEBUG_LEVEL': el valor '2' no coincide con el valor '0' en High Score con Nana.obj
nana_v140_Debug_x86.lib(bedrock_pi.obj) : error LNK2038: se detectaron diferencias para 'RuntimeLibrary': el valor 'MDd_DynamicDebug' no coincide con el valor 'MD_DynamicRelease' en High Score con Nana.obj
nana_v140_Debug_x86.lib(color_schemes.obj) : error LNK2038: se detectaron diferencias para '_ITERATOR_DEBUG_LEVEL': el valor '2' no coincide con el valor '0' en High Score con Nana.obj
nana_v140_Debug_x86.lib(color_schemes.obj) : error LNK2038: se detectaron diferencias para 'RuntimeLibrary': el valor 'MDd_DynamicDebug' no coincide con el valor 'MD_DynamicRelease' en High Score con Nana.obj
nana_v140_Debug_x86.lib(image.obj) : error LNK2038: se detectaron diferencias para '_ITERATOR_DEBUG_LEVEL': el valor '2' no coincide con el valor '0' en High Score con Nana.obj
nana_v140_Debug_x86.lib(image.obj) : error LNK2038: se detectaron diferencias para 'RuntimeLibrary': el valor 'MDd_DynamicDebug' no coincide con el valor 'MD_DynamicRelease' en High Score con Nana.obj
nana_v140_Debug_x86.lib(drawer.obj) : error LNK2038: se detectaron diferencias para '_ITERATOR_DEBUG_LEVEL': el valor '2' no coincide con el valor '0' en High Score con Nana.obj
nana_v140_Debug_x86.lib(drawer.obj) : error LNK2038: se detectaron diferencias para 'RuntimeLibrary': el valor 'MDd_DynamicDebug' no coincide con el valor 'MD_DynamicRelease' en High Score con Nana.obj
nana_v140_Debug_x86.lib(element.obj) : error LNK2038: se detectaron diferencias para '_ITERATOR_DEBUG_LEVEL': el valor '2' no coincide con el valor '0' en High Score con Nana.obj
nana_v140_Debug_x86.lib(element.obj) : error LNK2038: se detectaron diferencias para 'RuntimeLibrary': el valor 'MDd_DynamicDebug' no coincide con el valor 'MD_DynamicRelease' en High Score con Nana.obj
nana_v140_Debug_x86.lib(text_renderer.obj) : error LNK2038: se detectaron diferencias para '_ITERATOR_DEBUG_LEVEL': el valor '2' no coincide con el valor '0' en High Score con Nana.obj
nana_v140_Debug_x86.lib(text_renderer.obj) : error LNK2038: se detectaron diferencias para 'RuntimeLibrary': el valor 'MDd_DynamicDebug' no coincide con el valor 'MD_DynamicRelease' en High Score con Nana.obj
nana_v140_Debug_x86.lib(charset.obj) : error LNK2038: se detectaron diferencias para '_ITERATOR_DEBUG_LEVEL': el valor '2' no coincide con el valor '0' en High Score con Nana.obj
nana_v140_Debug_x86.lib(charset.obj) : error LNK2038: se detectaron diferencias para 'RuntimeLibrary': el valor 'MDd_DynamicDebug' no coincide con el valor 'MD_DynamicRelease' en High Score con Nana.obj
nana_v140_Debug_x86.lib(bedrock_windows.obj) : error LNK2038: se detectaron diferencias para '_ITERATOR_DEBUG_LEVEL': el valor '2' no coincide con el valor '0' en High Score con Nana.obj
nana_v140_Debug_x86.lib(bedrock_windows.obj) : error LNK2038: se detectaron diferencias para 'RuntimeLibrary': el valor 'MDd_DynamicDebug' no coincide con el valor 'MD_DynamicRelease' en High Score con Nana.obj
nana_v140_Debug_x86.lib(platform.obj) : error LNK2038: se detectaron diferencias para '_ITERATOR_DEBUG_LEVEL': el valor '2' no coincide con el valor '0' en High Score con Nana.obj
nana_v140_Debug_x86.lib(platform.obj) : error LNK2038: se detectaron diferencias para 'RuntimeLibrary': el valor 'MDd_DynamicDebug' no coincide con el valor 'MD_DynamicRelease' en High Score con Nana.obj
nana_v140_Debug_x86.lib(basic_window.obj) : error LNK2038: se detectaron diferencias para '_ITERATOR_DEBUG_LEVEL': el valor '2' no coincide con el valor '0' en High Score con Nana.obj
nana_v140_Debug_x86.lib(basic_window.obj) : error LNK2038: se detectaron diferencias para 'RuntimeLibrary': el valor 'MDd_DynamicDebug' no coincide con el valor 'MD_DynamicRelease' en High Score con Nana.obj
nana_v140_Debug_x86.lib(window_manager.obj) : error LNK2038: se detectaron diferencias para '_ITERATOR_DEBUG_LEVEL': el valor '2' no coincide con el valor '0' en High Score con Nana.obj
nana_v140_Debug_x86.lib(window_manager.obj) : error LNK2038: se detectaron diferencias para 'RuntimeLibrary': el valor 'MDd_DynamicDebug' no coincide con el valor 'MD_DynamicRelease' en High Score con Nana.obj
nana_v140_Debug_x86.lib(native_window_interface.obj) : error LNK2038: se detectaron diferencias para '_ITERATOR_DEBUG_LEVEL': el valor '2' no coincide con el valor '0' en High Score con Nana.obj
nana_v140_Debug_x86.lib(native_window_interface.obj) : error LNK2038: se detectaron diferencias para 'RuntimeLibrary': el valor 'MDd_DynamicDebug' no coincide con el valor 'MD_DynamicRelease' en High Score con Nana.obj
nana_v140_Debug_x86.lib(platform_abstraction.obj) : error LNK2038: se detectaron diferencias para '_ITERATOR_DEBUG_LEVEL': el valor '2' no coincide con el valor '0' en High Score con Nana.obj
nana_v140_Debug_x86.lib(platform_abstraction.obj) : error LNK2038: se detectaron diferencias para 'RuntimeLibrary': el valor 'MDd_DynamicDebug' no coincide con el valor 'MD_DynamicRelease' en High Score con Nana.obj
nana_v140_Debug_x86.lib(internationalization.obj) : error LNK2038: se detectaron diferencias para '_ITERATOR_DEBUG_LEVEL': el valor '2' no coincide con el valor '0' en High Score con Nana.obj
nana_v140_Debug_x86.lib(internationalization.obj) : error LNK2038: se detectaron diferencias para 'RuntimeLibrary': el valor 'MDd_DynamicDebug' no coincide con el valor 'MD_DynamicRelease' en High Score con Nana.obj
nana_v140_Debug_x86.lib(tooltip.obj) : error LNK2038: se detectaron diferencias para '_ITERATOR_DEBUG_LEVEL': el valor '2' no coincide con el valor '0' en High Score con Nana.obj
nana_v140_Debug_x86.lib(tooltip.obj) : error LNK2038: se detectaron diferencias para 'RuntimeLibrary': el valor 'MDd_DynamicDebug' no coincide con el valor 'MD_DynamicRelease' en High Score con Nana.obj
nana_v140_Debug_x86.lib(layout_utility.obj) : error LNK2038: se detectaron diferencias para '_ITERATOR_DEBUG_LEVEL': el valor '2' no coincide con el valor '0' en High Score con Nana.obj
nana_v140_Debug_x86.lib(layout_utility.obj) : error LNK2038: se detectaron diferencias para 'RuntimeLibrary': el valor 'MDd_DynamicDebug' no coincide con el valor 'MD_DynamicRelease' en High Score con Nana.obj
nana_v140_Debug_x86.lib(unicode_bidi.obj) : error LNK2038: se detectaron diferencias para '_ITERATOR_DEBUG_LEVEL': el valor '2' no coincide con el valor '0' en High Score con Nana.obj
nana_v140_Debug_x86.lib(unicode_bidi.obj) : error LNK2038: se detectaron diferencias para 'RuntimeLibrary': el valor 'MDd_DynamicDebug' no coincide con el valor 'MD_DynamicRelease' en High Score con Nana.obj
nana_v140_Debug_x86.lib(panel.obj) : error LNK2038: se detectaron diferencias para '_ITERATOR_DEBUG_LEVEL': el valor '2' no coincide con el valor '0' en High Score con Nana.obj
nana_v140_Debug_x86.lib(panel.obj) : error LNK2038: se detectaron diferencias para 'RuntimeLibrary': el valor 'MDd_DynamicDebug' no coincide con el valor 'MD_DynamicRelease' en High Score con Nana.obj
nana_v140_Debug_x86.lib(dragger.obj) : error LNK2038: se detectaron diferencias para '_ITERATOR_DEBUG_LEVEL': el valor '2' no coincide con el valor '0' en High Score con Nana.obj
nana_v140_Debug_x86.lib(dragger.obj) : error LNK2038: se detectaron diferencias para 'RuntimeLibrary': el valor 'MDd_DynamicDebug' no coincide con el valor 'MD_DynamicRelease' en High Score con Nana.obj
nana_v140_Debug_x86.lib(drawing.obj) : error LNK2038: se detectaron diferencias para '_ITERATOR_DEBUG_LEVEL': el valor '2' no coincide con el valor '0' en High Score con Nana.obj
nana_v140_Debug_x86.lib(drawing.obj) : error LNK2038: se detectaron diferencias para 'RuntimeLibrary': el valor 'MDd_DynamicDebug' no coincide con el valor 'MD_DynamicRelease' en High Score con Nana.obj
nana_v140_Debug_x86.lib(any.obj) : error LNK2038: se detectaron diferencias para '_ITERATOR_DEBUG_LEVEL': el valor '2' no coincide con el valor '0' en High Score con Nana.obj
nana_v140_Debug_x86.lib(any.obj) : error LNK2038: se detectaron diferencias para 'RuntimeLibrary': el valor 'MDd_DynamicDebug' no coincide con el valor 'MD_DynamicRelease' en High Score con Nana.obj
nana_v140_Debug_x86.lib(tabbar.obj) : error LNK2038: se detectaron diferencias para '_ITERATOR_DEBUG_LEVEL': el valor '2' no coincide con el valor '0' en High Score con Nana.obj
nana_v140_Debug_x86.lib(tabbar.obj) : error LNK2038: se detectaron diferencias para 'RuntimeLibrary': el valor 'MDd_DynamicDebug' no coincide con el valor 'MD_DynamicRelease' en High Score con Nana.obj
nana_v140_Debug_x86.lib(platform_spec_windows.obj) : error LNK2038: se detectaron diferencias para '_ITERATOR_DEBUG_LEVEL': el valor '2' no coincide con el valor '0' en High Score con Nana.obj
nana_v140_Debug_x86.lib(platform_spec_windows.obj) : error LNK2038: se detectaron diferencias para 'RuntimeLibrary': el valor 'MDd_DynamicDebug' no coincide con el valor 'MD_DynamicRelease' en High Score con Nana.obj
nana_v140_Debug_x86.lib(native_paint_interface.obj) : error LNK2038: se detectaron diferencias para '_ITERATOR_DEBUG_LEVEL': el valor '2' no coincide con el valor '0' en High Score con Nana.obj
nana_v140_Debug_x86.lib(native_paint_interface.obj) : error LNK2038: se detectaron diferencias para 'RuntimeLibrary': el valor 'MDd_DynamicDebug' no coincide con el valor 'MD_DynamicRelease' en High Score con Nana.obj
nana_v140_Debug_x86.lib(pixel_buffer.obj) : error LNK2038: se detectaron diferencias para '_ITERATOR_DEBUG_LEVEL': el valor '2' no coincide con el valor '0' en High Score con Nana.obj
nana_v140_Debug_x86.lib(pixel_buffer.obj) : error LNK2038: se detectaron diferencias para 'RuntimeLibrary': el valor 'MDd_DynamicDebug' no coincide con el valor 'MD_DynamicRelease' en High Score con Nana.obj
nana_v140_Debug_x86.lib(window_layout.obj) : error LNK2038: se detectaron diferencias para '_ITERATOR_DEBUG_LEVEL': el valor '2' no coincide con el valor '0' en High Score con Nana.obj
nana_v140_Debug_x86.lib(window_layout.obj) : error LNK2038: se detectaron diferencias para 'RuntimeLibrary': el valor 'MDd_DynamicDebug' no coincide con el valor 'MD_DynamicRelease' en High Score con Nana.obj
nana_v140_Debug_x86.lib(element_store.obj) : error LNK2038: se detectaron diferencias para '_ITERATOR_DEBUG_LEVEL': el valor '2' no coincide con el valor '0' en High Score con Nana.obj
nana_v140_Debug_x86.lib(element_store.obj) : error LNK2038: se detectaron diferencias para 'RuntimeLibrary': el valor 'MDd_DynamicDebug' no coincide con el valor 'MD_DynamicRelease' en High Score con Nana.obj
nana_v140_Debug_x86.lib(msgbox.obj) : error LNK2038: se detectaron diferencias para '_ITERATOR_DEBUG_LEVEL': el valor '2' no coincide con el valor '0' en High Score con Nana.obj
nana_v140_Debug_x86.lib(msgbox.obj) : error LNK2038: se detectaron diferencias para 'RuntimeLibrary': el valor 'MDd_DynamicDebug' no coincide con el valor 'MD_DynamicRelease' en High Score con Nana.obj
nana_v140_Debug_x86.lib(notifier.obj) : error LNK2038: se detectaron diferencias para '_ITERATOR_DEBUG_LEVEL': el valor '2' no coincide con el valor '0' en High Score con Nana.obj
nana_v140_Debug_x86.lib(notifier.obj) : error LNK2038: se detectaron diferencias para 'RuntimeLibrary': el valor 'MDd_DynamicDebug' no coincide con el valor 'MD_DynamicRelease' en High Score con Nana.obj
nana_v140_Debug_x86.lib(timer.obj) : error LNK2038: se detectaron diferencias para '_ITERATOR_DEBUG_LEVEL': el valor '2' no coincide con el valor '0' en High Score con Nana.obj
nana_v140_Debug_x86.lib(timer.obj) : error LNK2038: se detectaron diferencias para 'RuntimeLibrary': el valor 'MDd_DynamicDebug' no coincide con el valor 'MD_DynamicRelease' en High Score con Nana.obj
nana_v140_Debug_x86.lib(screen.obj) : error LNK2038: se detectaron diferencias para '_ITERATOR_DEBUG_LEVEL': el valor '2' no coincide con el valor '0' en High Score con Nana.obj
nana_v140_Debug_x86.lib(screen.obj) : error LNK2038: se detectaron diferencias para 'RuntimeLibrary': el valor 'MDd_DynamicDebug' no coincide con el valor 'MD_DynamicRelease' en High Score con Nana.obj
nana_v140_Debug_x86.lib(menu.obj) : error LNK2038: se detectaron diferencias para '_ITERATOR_DEBUG_LEVEL': el valor '2' no coincide con el valor '0' en High Score con Nana.obj
nana_v140_Debug_x86.lib(menu.obj) : error LNK2038: se detectaron diferencias para 'RuntimeLibrary': el valor 'MDd_DynamicDebug' no coincide con el valor 'MD_DynamicRelease' en High Score con Nana.obj
nana_v140_Debug_x86.lib(image_process_provider.obj) : error LNK2038: se detectaron diferencias para '_ITERATOR_DEBUG_LEVEL': el valor '2' no coincide con el valor '0' en High Score con Nana.obj
nana_v140_Debug_x86.lib(image_process_provider.obj) : error LNK2038: se detectaron diferencias para 'RuntimeLibrary': el valor 'MDd_DynamicDebug' no coincide con el valor 'MD_DynamicRelease' en High Score con Nana.obj
nana_v140_Debug_x86.lib(spinbox.obj) : error LNK2038: se detectaron diferencias para '_ITERATOR_DEBUG_LEVEL': el valor '2' no coincide con el valor '0' en High Score con Nana.obj
nana_v140_Debug_x86.lib(spinbox.obj) : error LNK2038: se detectaron diferencias para 'RuntimeLibrary': el valor 'MDd_DynamicDebug' no coincide con el valor 'MD_DynamicRelease' en High Score con Nana.obj
nana_v140_Debug_x86.lib(checkbox.obj) : error LNK2038: se detectaron diferencias para '_ITERATOR_DEBUG_LEVEL': el valor '2' no coincide con el valor '0' en High Score con Nana.obj
nana_v140_Debug_x86.lib(checkbox.obj) : error LNK2038: se detectaron diferencias para 'RuntimeLibrary': el valor 'MDd_DynamicDebug' no coincide con el valor 'MD_DynamicRelease' en High Score con Nana.obj
nana_v140_Debug_x86.lib(combox.obj) : error LNK2038: se detectaron diferencias para '_ITERATOR_DEBUG_LEVEL': el valor '2' no coincide con el valor '0' en High Score con Nana.obj
nana_v140_Debug_x86.lib(combox.obj) : error LNK2038: se detectaron diferencias para 'RuntimeLibrary': el valor 'MDd_DynamicDebug' no coincide con el valor 'MD_DynamicRelease' en High Score con Nana.obj
nana_v140_Debug_x86.lib(textbox.obj) : error LNK2038: se detectaron diferencias para '_ITERATOR_DEBUG_LEVEL': el valor '2' no coincide con el valor '0' en High Score con Nana.obj
nana_v140_Debug_x86.lib(textbox.obj) : error LNK2038: se detectaron diferencias para 'RuntimeLibrary': el valor 'MDd_DynamicDebug' no coincide con el valor 'MD_DynamicRelease' en High Score con Nana.obj
nana_v140_Debug_x86.lib(picture.obj) : error LNK2038: se detectaron diferencias para '_ITERATOR_DEBUG_LEVEL': el valor '2' no coincide con el valor '0' en High Score con Nana.obj
nana_v140_Debug_x86.lib(picture.obj) : error LNK2038: se detectaron diferencias para 'RuntimeLibrary': el valor 'MDd_DynamicDebug' no coincide con el valor 'MD_DynamicRelease' en High Score con Nana.obj
nana_v140_Debug_x86.lib(datetime.obj) : error LNK2038: se detectaron diferencias para '_ITERATOR_DEBUG_LEVEL': el valor '2' no coincide con el valor '0' en High Score con Nana.obj
nana_v140_Debug_x86.lib(datetime.obj) : error LNK2038: se detectaron diferencias para 'RuntimeLibrary': el valor 'MDd_DynamicDebug' no coincide con el valor 'MD_DynamicRelease' en High Score con Nana.obj
nana_v140_Debug_x86.lib(filebox.obj) : error LNK2038: se detectaron diferencias para '_ITERATOR_DEBUG_LEVEL': el valor '2' no coincide con el valor '0' en High Score con Nana.obj
nana_v140_Debug_x86.lib(filebox.obj) : error LNK2038: se detectaron diferencias para 'RuntimeLibrary': el valor 'MDd_DynamicDebug' no coincide con el valor 'MD_DynamicRelease' en High Score con Nana.obj
nana_v140_Debug_x86.lib(text_editor.obj) : error LNK2038: se detectaron diferencias para '_ITERATOR_DEBUG_LEVEL': el valor '2' no coincide con el valor '0' en High Score con Nana.obj
nana_v140_Debug_x86.lib(text_editor.obj) : error LNK2038: se detectaron diferencias para 'RuntimeLibrary': el valor 'MDd_DynamicDebug' no coincide con el valor 'MD_DynamicRelease' en High Score con Nana.obj
nana_v140_Debug_x86.lib(float_listbox.obj) : error LNK2038: se detectaron diferencias para '_ITERATOR_DEBUG_LEVEL': el valor '2' no coincide con el valor '0' en High Score con Nana.obj
nana_v140_Debug_x86.lib(float_listbox.obj) : error LNK2038: se detectaron diferencias para 'RuntimeLibrary': el valor 'MDd_DynamicDebug' no coincide con el valor 'MD_DynamicRelease' en High Score con Nana.obj
nana_v140_Debug_x86.lib(dataexch.obj) : error LNK2038: se detectaron diferencias para '_ITERATOR_DEBUG_LEVEL': el valor '2' no coincide con el valor '0' en High Score con Nana.obj
nana_v140_Debug_x86.lib(dataexch.obj) : error LNK2038: se detectaron diferencias para 'RuntimeLibrary': el valor 'MDd_DynamicDebug' no coincide con el valor 'MD_DynamicRelease' en High Score con Nana.obj
nana_v140_Debug_x86.lib(content_view.obj) : error LNK2038: se detectaron diferencias para '_ITERATOR_DEBUG_LEVEL': el valor '2' no coincide con el valor '0' en High Score con Nana.obj
nana_v140_Debug_x86.lib(content_view.obj) : error LNK2038: se detectaron diferencias para 'RuntimeLibrary': el valor 'MDd_DynamicDebug' no coincide con el valor 'MD_DynamicRelease' en High Score con Nana.obj
nana_v140_Debug_x86.lib(scroll.obj) : error LNK2038: se detectaron diferencias para '_ITERATOR_DEBUG_LEVEL': el valor '2' no coincide con el valor '0' en High Score con Nana.obj
nana_v140_Debug_x86.lib(scroll.obj) : error LNK2038: se detectaron diferencias para 'RuntimeLibrary': el valor 'MDd_DynamicDebug' no coincide con el valor 'MD_DynamicRelease' en High Score con Nana.obj
LINK : warning LNK4098: la biblioteca predeterminada'MSVCRTD' entra en conflicto con otras bibliotecas; use la biblioteca /NODEFAULTLIB:biblioteca
nana_v140_Debug_x86.lib(text_editor.obj) : error LNK2001: símbolo externo __imp___invalid_parameter sin resolver
nana_v140_Debug_x86.lib(float_listbox.obj) : error LNK2001: símbolo externo __imp___invalid_parameter sin resolver
nana_v140_Debug_x86.lib(dataexch.obj) : error LNK2001: símbolo externo __imp___invalid_parameter sin resolver
nana_v140_Debug_x86.lib(content_view.obj) : error LNK2001: símbolo externo __imp___invalid_parameter sin resolver
nana_v140_Debug_x86.lib(combox.obj) : error LNK2001: símbolo externo __imp___invalid_parameter sin resolver
nana_v140_Debug_x86.lib(textbox.obj) : error LNK2001: símbolo externo __imp___invalid_parameter sin resolver
nana_v140_Debug_x86.lib(picture.obj) : error LNK2001: símbolo externo __imp___invalid_parameter sin resolver
nana_v140_Debug_x86.lib(filebox.obj) : error LNK2001: símbolo externo __imp___invalid_parameter sin resolver
nana_v140_Debug_x86.lib(menu.obj) : error LNK2001: símbolo externo __imp___invalid_parameter sin resolver
nana_v140_Debug_x86.lib(image_process_provider.obj) : error LNK2001: símbolo externo __imp___invalid_parameter sin resolver
nana_v140_Debug_x86.lib(spinbox.obj) : error LNK2001: símbolo externo __imp___invalid_parameter sin resolver
nana_v140_Debug_x86.lib(checkbox.obj) : error LNK2001: símbolo externo __imp___invalid_parameter sin resolver
nana_v140_Debug_x86.lib(msgbox.obj) : error LNK2001: símbolo externo __imp___invalid_parameter sin resolver
nana_v140_Debug_x86.lib(notifier.obj) : error LNK2001: símbolo externo __imp___invalid_parameter sin resolver
nana_v140_Debug_x86.lib(timer.obj) : error LNK2001: símbolo externo __imp___invalid_parameter sin resolver
nana_v140_Debug_x86.lib(screen.obj) : error LNK2001: símbolo externo __imp___invalid_parameter sin resolver
nana_v140_Debug_x86.lib(tabbar.obj) : error LNK2001: símbolo externo __imp___invalid_parameter sin resolver
nana_v140_Debug_x86.lib(platform_spec_windows.obj) : error LNK2001: símbolo externo __imp___invalid_parameter sin resolver
nana_v140_Debug_x86.lib(window_layout.obj) : error LNK2001: símbolo externo __imp___invalid_parameter sin resolver
nana_v140_Debug_x86.lib(element_store.obj) : error LNK2001: símbolo externo __imp___invalid_parameter sin resolver
nana_v140_Debug_x86.lib(tooltip.obj) : error LNK2001: símbolo externo __imp___invalid_parameter sin resolver
nana_v140_Debug_x86.lib(unicode_bidi.obj) : error LNK2001: símbolo externo __imp___invalid_parameter sin resolver
nana_v140_Debug_x86.lib(panel.obj) : error LNK2001: símbolo externo __imp___invalid_parameter sin resolver
nana_v140_Debug_x86.lib(dragger.obj) : error LNK2001: símbolo externo __imp___invalid_parameter sin resolver
nana_v140_Debug_x86.lib(window_manager.obj) : error LNK2001: símbolo externo __imp___invalid_parameter sin resolver
nana_v140_Debug_x86.lib(native_window_interface.obj) : error LNK2001: símbolo externo __imp___invalid_parameter sin resolver
nana_v140_Debug_x86.lib(platform_abstraction.obj) : error LNK2001: símbolo externo __imp___invalid_parameter sin resolver
nana_v140_Debug_x86.lib(internationalization.obj) : error LNK2001: símbolo externo __imp___invalid_parameter sin resolver
nana_v140_Debug_x86.lib(charset.obj) : error LNK2001: símbolo externo __imp___invalid_parameter sin resolver
nana_v140_Debug_x86.lib(bedrock_windows.obj) : error LNK2001: símbolo externo __imp___invalid_parameter sin resolver
nana_v140_Debug_x86.lib(platform.obj) : error LNK2001: símbolo externo __imp___invalid_parameter sin resolver
nana_v140_Debug_x86.lib(basic_window.obj) : error LNK2001: símbolo externo __imp___invalid_parameter sin resolver
nana_v140_Debug_x86.lib(image.obj) : error LNK2001: símbolo externo __imp___invalid_parameter sin resolver
nana_v140_Debug_x86.lib(drawer.obj) : error LNK2001: símbolo externo __imp___invalid_parameter sin resolver
nana_v140_Debug_x86.lib(element.obj) : error LNK2001: símbolo externo __imp___invalid_parameter sin resolver
nana_v140_Debug_x86.lib(text_renderer.obj) : error LNK2001: símbolo externo __imp___invalid_parameter sin resolver
nana_v140_Debug_x86.lib(basic_types.obj) : error LNK2001: símbolo externo __imp___invalid_parameter sin resolver
nana_v140_Debug_x86.lib(graphics.obj) : error LNK2001: símbolo externo __imp___invalid_parameter sin resolver
nana_v140_Debug_x86.lib(bedrock_pi.obj) : error LNK2001: símbolo externo __imp___invalid_parameter sin resolver
nana_v140_Debug_x86.lib(color_schemes.obj) : error LNK2001: símbolo externo __imp___invalid_parameter sin resolver
nana_v140_Debug_x86.lib(label.obj) : error LNK2001: símbolo externo __imp___invalid_parameter sin resolver
nana_v140_Debug_x86.lib(place.obj) : error LNK2001: símbolo externo __imp___invalid_parameter sin resolver
nana_v140_Debug_x86.lib(events_operation.obj) : error LNK2001: símbolo externo __imp___invalid_parameter sin resolver
nana_v140_Debug_x86.lib(deploy.obj) : error LNK2001: símbolo externo __imp___invalid_parameter sin resolver
HSSHighscore.lib(HSSHighscore.obj) : error LNK2001: símbolo externo __imp___invalid_parameter sin resolver
nana_v140_Debug_x86.lib(button.obj) : error LNK2001: símbolo externo __imp___invalid_parameter sin resolver
nana_v140_Debug_x86.lib(programming_interface.obj) : error LNK2001: símbolo externo __imp___invalid_parameter sin resolver
nana_v140_Debug_x86.lib(widget.obj) : error LNK2001: símbolo externo __imp___invalid_parameter sin resolver
HSSHighscore.lib(HSSHighscore.obj) : error LNK2001: símbolo externo __imp___CrtDbgReport sin resolver
nana_v140_Debug_x86.lib(float_listbox.obj) : error LNK2001: símbolo externo __imp___CrtDbgReportW sin resolver
nana_v140_Debug_x86.lib(dataexch.obj) : error LNK2001: símbolo externo __imp___CrtDbgReportW sin resolver
nana_v140_Debug_x86.lib(content_view.obj) : error LNK2001: símbolo externo __imp___CrtDbgReportW sin resolver
nana_v140_Debug_x86.lib(textbox.obj) : error LNK2001: símbolo externo __imp___CrtDbgReportW sin resolver
nana_v140_Debug_x86.lib(picture.obj) : error LNK2001: símbolo externo __imp___CrtDbgReportW sin resolver
nana_v140_Debug_x86.lib(filebox.obj) : error LNK2001: símbolo externo __imp___CrtDbgReportW sin resolver
nana_v140_Debug_x86.lib(text_editor.obj) : error LNK2001: símbolo externo __imp___CrtDbgReportW sin resolver
nana_v140_Debug_x86.lib(image_process_provider.obj) : error LNK2001: símbolo externo __imp___CrtDbgReportW sin resolver
nana_v140_Debug_x86.lib(spinbox.obj) : error LNK2001: símbolo externo __imp___CrtDbgReportW sin resolver
nana_v140_Debug_x86.lib(checkbox.obj) : error LNK2001: símbolo externo __imp___CrtDbgReportW sin resolver
nana_v140_Debug_x86.lib(combox.obj) : error LNK2001: símbolo externo __imp___CrtDbgReportW sin resolver
nana_v140_Debug_x86.lib(notifier.obj) : error LNK2001: símbolo externo __imp___CrtDbgReportW sin resolver
nana_v140_Debug_x86.lib(timer.obj) : error LNK2001: símbolo externo __imp___CrtDbgReportW sin resolver
nana_v140_Debug_x86.lib(screen.obj) : error LNK2001: símbolo externo __imp___CrtDbgReportW sin resolver
nana_v140_Debug_x86.lib(menu.obj) : error LNK2001: símbolo externo __imp___CrtDbgReportW sin resolver
nana_v140_Debug_x86.lib(platform_spec_windows.obj) : error LNK2001: símbolo externo __imp___CrtDbgReportW sin resolver
nana_v140_Debug_x86.lib(window_layout.obj) : error LNK2001: símbolo externo __imp___CrtDbgReportW sin resolver
nana_v140_Debug_x86.lib(element_store.obj) : error LNK2001: símbolo externo __imp___CrtDbgReportW sin resolver
nana_v140_Debug_x86.lib(msgbox.obj) : error LNK2001: símbolo externo __imp___CrtDbgReportW sin resolver
nana_v140_Debug_x86.lib(unicode_bidi.obj) : error LNK2001: símbolo externo __imp___CrtDbgReportW sin resolver
nana_v140_Debug_x86.lib(panel.obj) : error LNK2001: símbolo externo __imp___CrtDbgReportW sin resolver
nana_v140_Debug_x86.lib(dragger.obj) : error LNK2001: símbolo externo __imp___CrtDbgReportW sin resolver
nana_v140_Debug_x86.lib(tabbar.obj) : error LNK2001: símbolo externo __imp___CrtDbgReportW sin resolver
nana_v140_Debug_x86.lib(native_window_interface.obj) : error LNK2001: símbolo externo __imp___CrtDbgReportW sin resolver
nana_v140_Debug_x86.lib(platform_abstraction.obj) : error LNK2001: símbolo externo __imp___CrtDbgReportW sin resolver
nana_v140_Debug_x86.lib(internationalization.obj) : error LNK2001: símbolo externo __imp___CrtDbgReportW sin resolver
nana_v140_Debug_x86.lib(tooltip.obj) : error LNK2001: símbolo externo __imp___CrtDbgReportW sin resolver
nana_v140_Debug_x86.lib(bedrock_windows.obj) : error LNK2001: símbolo externo __imp___CrtDbgReportW sin resolver
nana_v140_Debug_x86.lib(platform.obj) : error LNK2001: símbolo externo __imp___CrtDbgReportW sin resolver
nana_v140_Debug_x86.lib(basic_window.obj) : error LNK2001: símbolo externo __imp___CrtDbgReportW sin resolver
nana_v140_Debug_x86.lib(window_manager.obj) : error LNK2001: símbolo externo __imp___CrtDbgReportW sin resolver
nana_v140_Debug_x86.lib(drawer.obj) : error LNK2001: símbolo externo __imp___CrtDbgReportW sin resolver
nana_v140_Debug_x86.lib(element.obj) : error LNK2001: símbolo externo __imp___CrtDbgReportW sin resolver
nana_v140_Debug_x86.lib(text_renderer.obj) : error LNK2001: símbolo externo __imp___CrtDbgReportW sin resolver
nana_v140_Debug_x86.lib(charset.obj) : error LNK2001: símbolo externo __imp___CrtDbgReportW sin resolver
nana_v140_Debug_x86.lib(graphics.obj) : error LNK2001: símbolo externo __imp___CrtDbgReportW sin resolver
nana_v140_Debug_x86.lib(bedrock_pi.obj) : error LNK2001: símbolo externo __imp___CrtDbgReportW sin resolver
nana_v140_Debug_x86.lib(color_schemes.obj) : error LNK2001: símbolo externo __imp___CrtDbgReportW sin resolver
nana_v140_Debug_x86.lib(image.obj) : error LNK2001: símbolo externo __imp___CrtDbgReportW sin resolver
nana_v140_Debug_x86.lib(place.obj) : error LNK2001: símbolo externo __imp___CrtDbgReportW sin resolver
nana_v140_Debug_x86.lib(events_operation.obj) : error LNK2001: símbolo externo __imp___CrtDbgReportW sin resolver
nana_v140_Debug_x86.lib(deploy.obj) : error LNK2001: símbolo externo __imp___CrtDbgReportW sin resolver
nana_v140_Debug_x86.lib(basic_types.obj) : error LNK2001: símbolo externo __imp___CrtDbgReportW sin resolver
nana_v140_Debug_x86.lib(button.obj) : error LNK2001: símbolo externo __imp___CrtDbgReportW sin resolver
nana_v140_Debug_x86.lib(programming_interface.obj) : error LNK2001: símbolo externo __imp___CrtDbgReportW sin resolver
nana_v140_Debug_x86.lib(widget.obj) : error LNK2001: símbolo externo __imp___CrtDbgReportW sin resolver
nana_v140_Debug_x86.lib(label.obj) : error LNK2001: símbolo externo __imp___CrtDbgReportW sin resolver
C:\Users\Administrador\Desktop\Visual Project\High Score con Nana\Release\High Score con Nana.exe : fatal error LNK1120: 3 externos sin resolver
